mode: set
github.com/pulumi/pulumi-databricks/provider/cmd/pulumi-tfgen-databricks/main.go:23.13,27.2 1 0
github.com/pulumi/pulumi-databricks/provider/disablelogs/init.go:16.13,16.42 1 0
github.com/pulumi/pulumi-databricks/provider/disablelogs/init.go:21.13,21.41 1 0
github.com/pulumi/pulumi-databricks/provider/resources.go:57.44,59.2 1 1
github.com/pulumi/pulumi-databricks/provider/resources.go:68.97,71.40 3 0
github.com/pulumi/pulumi-databricks/provider/resources.go:71.40,73.3 1 0
github.com/pulumi/pulumi-databricks/provider/resources.go:75.2,77.59 2 0
github.com/pulumi/pulumi-databricks/provider/resources.go:80.13,80.35 1 1
github.com/pulumi/pulumi-databricks/provider/resources.go:83.39,242.28 3 0
github.com/pulumi/pulumi-databricks/provider/resources.go:242.28,244.6 1 0
github.com/pulumi/pulumi-databricks/provider/resources.go:324.2,337.79 5 0
github.com/pulumi/pulumi-databricks/provider/resources.go:337.79,340.79 2 0
github.com/pulumi/pulumi-databricks/provider/resources.go:340.79,343.5 2 0
github.com/pulumi/pulumi-databricks/provider/resources.go:344.4,344.46 1 0
github.com/pulumi/pulumi-databricks/provider/resources.go:347.2,347.13 1 0
github.com/pulumi/pulumi-databricks/provider/resources.go:350.66,364.2 3 0
github.com/pulumi/pulumi-databricks/provider/resources.go:370.55,372.3 1 0
github.com/pulumi/pulumi-databricks/provider/resources.go:378.55,387.3 5 0
github.com/pulumi/pulumi-databricks/provider/resources.go:392.55,393.81 1 0
github.com/pulumi/pulumi-databricks/provider/resources.go:393.81,400.45 2 0
github.com/pulumi/pulumi-databricks/provider/resources.go:400.45,401.41 1 0
github.com/pulumi/pulumi-databricks/provider/resources.go:401.41,403.6 1 0
github.com/pulumi/pulumi-databricks/provider/resources.go:405.4,405.16 1 0
github.com/pulumi/pulumi-databricks/provider/resources.go:412.55,419.32 3 0
github.com/pulumi/pulumi-databricks/provider/resources.go:419.32,421.18 2 0
github.com/pulumi/pulumi-databricks/provider/resources.go:421.18,423.5 1 0
github.com/pulumi/pulumi-databricks/provider/resources.go:424.4,424.38 1 0
github.com/pulumi/pulumi-databricks/provider/resources.go:424.38,429.5 1 0
github.com/pulumi/pulumi-databricks/provider/resources.go:429.10,433.5 1 0
github.com/pulumi/pulumi-databricks/provider/resources.go:436.3,436.22 1 0
github.com/pulumi/pulumi-databricks/provider/resources.go:443.107,446.26 3 0
github.com/pulumi/pulumi-databricks/provider/resources.go:446.26,449.43 3 0
github.com/pulumi/pulumi-databricks/provider/resources.go:449.43,450.45 1 0
github.com/pulumi/pulumi-databricks/provider/resources.go:450.45,452.5 1 0
github.com/pulumi/pulumi-databricks/provider/resources.go:455.2,456.13 2 0
github.com/pulumi/pulumi-databricks/provider/resources.go:456.13,458.3 1 0
github.com/pulumi/pulumi-databricks/provider/resources.go:459.2,459.23 1 0
github.com/pulumi/pulumi-databricks/provider/resources.go:463.82,465.2 1 0
github.com/pulumi/pulumi-databricks/provider/cmd/pulumi-tfgen-databricks/main.go:23.13,27.2 1 0
github.com/pulumi/pulumi-databricks/provider/disablelogs/init.go:16.13,16.42 1 1
github.com/pulumi/pulumi-databricks/provider/disablelogs/init.go:21.13,21.41 1 1
